<?xml version="1.0" encoding="UTF-8"?>
<!-- Generated by org.testng.reporters.JUnitReportReporter -->
<testsuite skipped="0" hostname="ip-172-31-86-137" name="test.LoginTest" tests="3" failures="0" timestamp="09 Nov 2021 04:52:28 GMT" time="13.116" errors="0">
  <testcase name="NegativeLogin" time="4.766" classname="test.LoginTest"/>
  <testcase name="ExcelTest" time="3.919" classname="test.LoginTest"/>
  <testcase name="PositiveLogin" time="4.431" classname="test.LoginTest"/>
</testsuite> <!-- test.LoginTest -->
