<?xml version="1.0" encoding="UTF-8"?>
<!-- Generated by org.testng.reporters.JUnitReportReporter -->
<testsuite skipped="0" hostname="ip-172-31-86-137" name="test.LoginTest" tests="3" failures="0" timestamp="09 Nov 2021 07:05:30 GMT" time="10.732" errors="0">
  <testcase name="NegativeLogin" time="3.538" classname="test.LoginTest"/>
  <testcase name="PositiveLogin" time="3.253" classname="test.LoginTest"/>
  <testcase name="ExcelTest" time="3.941" classname="test.LoginTest"/>
</testsuite> <!-- test.LoginTest -->
